\BOOKMARK [1][-]{section*.1}{\376\377\000P\000r\000o\000j\000e\000c\000t\000\040\000D\000e\000s\000c\000r\000i\000p\000t\000i\000o\000n\000:}{}% 1
\BOOKMARK [2][-]{section*.2}{\376\377\000P\000r\000o\000j\000e\000c\000t\000\040\000g\000o\000a\000l\000\040\000\046\000\040\000s\000o\000c\000i\000a\000l\000\040\000p\000r\000o\000b\000l\000e\000m\000\040\000a\000d\000d\000r\000e\000s\000s\000e\000d\000:}{section*.1}% 2
\BOOKMARK [1][-]{section*.3}{\376\377\000D\000a\000t\000a\000\040\000D\000e\000s\000c\000r\000i\000p\000t\000i\000o\000n\000:}{}% 3
\BOOKMARK [1][-]{section*.4}{\376\377\000A\000c\000c\000e\000s\000s\000\040\000t\000o\000\040\000d\000a\000t\000a\000:}{}% 4
\BOOKMARK [1][-]{section*.5}{\376\377\000A\000c\000t\000i\000o\000n\000s\000\040\000T\000a\000k\000e\000n}{}% 5
\BOOKMARK [1][-]{section*.6}{\376\377\000E\000x\000a\000m\000i\000n\000i\000n\000g\000\040\000t\000h\000e\000\040\000M\000o\000z\000a\000m\000b\000i\000q\000u\000e\000\040\000c\000h\000a\000r\000t}{}% 6
\BOOKMARK [1][-]{section*.7}{\376\377\000E\000x\000a\000m\000i\000n\000i\000n\000g\000\040\000t\000h\000e\000\040\000N\000i\000g\000e\000r\000\040\000c\000h\000a\000r\000t}{}% 7
\BOOKMARK [1][-]{section*.8}{\376\377\000E\000x\000a\000m\000i\000n\000i\000n\000g\000\040\000t\000h\000e\000\040\000N\000i\000g\000e\000r\000i\000a\000\040\000c\000h\000a\000r\000t}{}% 8
\BOOKMARK [1][-]{section*.9}{\376\377\000E\000x\000a\000m\000i\000n\000i\000n\000g\000\040\000t\000h\000e\000\040\000E\000t\000h\000i\000o\000p\000i\000a\000\040\000c\000h\000a\000r\000t}{}% 9
\BOOKMARK [1][-]{section*.10}{\376\377\000E\000x\000a\000m\000i\000n\000i\000n\000g\000\040\000t\000h\000e\000\040\000I\000r\000a\000q\000\040\000c\000h\000a\000r\000t}{}% 10
\BOOKMARK [1][-]{section*.11}{\376\377\000E\000x\000a\000m\000i\000n\000i\000n\000g\000\040\000t\000h\000e\000\040\000S\000y\000r\000i\000a\000\040\000c\000h\000a\000r\000t}{}% 11
\BOOKMARK [1][-]{section*.12}{\376\377\000E\000x\000a\000m\000i\000n\000i\000n\000g\000\040\000t\000h\000e\000\040\000M\000a\000l\000i\000\040\000c\000h\000a\000r\000t}{}% 12
\BOOKMARK [1][-]{section*.13}{\376\377\000E\000x\000a\000m\000i\000n\000i\000n\000g\000\040\000t\000h\000e\000\040\000C\000o\000n\000g\000o\000\040\000D\000R\000\040\000c\000h\000a\000r\000t}{}% 13
\BOOKMARK [1][-]{section*.14}{\376\377\000E\000x\000a\000m\000i\000n\000i\000n\000g\000\040\000t\000h\000e\000\040\000C\000e\000n\000t\000r\000a\000l\000\040\000A\000f\000r\000i\000c\000a\000n\000\040\000R\000e\000p\000u\000b\000l\000i\000c\000\040\000c\000h\000a\000r\000t}{}% 14
\BOOKMARK [1][-]{section*.15}{\376\377\000E\000x\000a\000m\000i\000n\000i\000n\000g\000\040\000t\000h\000e\000\040\000C\000h\000a\000d\000\040\000c\000h\000a\000r\000t}{}% 15
\BOOKMARK [1][-]{section*.16}{\376\377\000E\000x\000a\000m\000i\000n\000i\000n\000g\000\040\000t\000h\000e\000\040\000A\000f\000g\000h\000a\000n\000i\000s\000t\000a\000n\000\040\000c\000h\000a\000r\000t}{}% 16
\BOOKMARK [1][-]{section*.17}{\376\377\000E\000x\000a\000m\000i\000n\000i\000n\000g\000\040\000t\000h\000e\000\040\000Y\000e\000m\000e\000n\000\040\000c\000h\000a\000r\000t}{}% 17
\BOOKMARK [1][-]{section*.18}{\376\377\000E\000x\000a\000m\000i\000n\000i\000n\000g\000\040\000t\000h\000e\000\040\000S\000o\000u\000t\000h\000\040\000S\000u\000d\000a\000n\000\040\000c\000h\000a\000r\000t}{}% 18
\BOOKMARK [1][-]{section*.19}{\376\377\000E\000x\000a\000m\000i\000n\000i\000n\000g\000\040\000t\000h\000e\000\040\000S\000o\000m\000a\000l\000i\000a\000\040\000c\000h\000a\000r\000t}{}% 19
\BOOKMARK [1][-]{section*.20}{\376\377\000R\000e\000s\000u\000l\000t\000s}{}% 20
\BOOKMARK [1][-]{section*.21}{\376\377\000D\000i\000s\000c\000u\000s\000s\000i\000o\000n}{}% 21
\BOOKMARK [1][-]{section*.22}{\376\377\000C\000o\000n\000c\000u\000l\000u\000s\000i\000o\000n\000:}{}% 22
\BOOKMARK [1][-]{section*.23}{\376\377\000R\000e\000f\000e\000r\000e\000n\000c\000e\000s}{}% 23
